2021-12-12 13:37:57 -  - exec CUpdateClientPartner::SearchModulesEx
2021-12-12 13:37:57 -  - exec CUpdateClientPartner::__CollectRequestData
2021-12-12 13:37:57 -  - utf=Y&lang=ru&stable=Y&CANGZIP=Y&SUPD_DBS=MYSQL&XE=N&CLIENT_SITE=creative&LICENSE_KEY=X&SUPD_STS=1&SUPD_URS=0&SUPD_URSA=1&TYPENC=D&CLIENT_PHPVER=7.4.21&NGINX=Y&dbv=8.0.24&instm=main%2C21.400.100%2CY%3Babtest%2C21.0.0%2CN%3Badvertising%2C21.100.0%2CN%3Bb24connector%2C21.0.0%2CN%3Bbitrix.eshop%2C21.0.100%2CN%3Bbitrix.sitecommunity%2C15.5.0%2CN%3Bbitrix.sitecorporate%2C15.5.0%2CN%3Bbitrix.siteinfoportal%2C15.5.0%2CN%3Bbitrix.sitepersonal%2C15.5.0%2CN%3Bbitrixcloud%2C21.0.0%2CN%3Bbizproc%2C21.200.200%2CN%3Bbizprocdesigner%2C21.100.0%2CN%3Bblog%2C21.200.0%2CN%3Bcalendar%2C21.200.0%2CN%3Bcatalog%2C21.200.0%2CN%3Bclouds%2C21.100.0%2CN%3Bconversion%2C21.0.0%2CN%3Bcurrency%2C21.100.0%2CN%3Bfileman%2C21.200.0%2CN%3Bform%2C21.0.0%2CN%3Bforum%2C21.100.0%2CN%3Bhighloadblock%2C21.100.0%2CN%3Biblock%2C21.400.100%2CN%3Bidea%2C21.0.0%2CN%3Bim%2C21.300.100%2CN%3Blanding%2C21.300.300%2CN%3Blearning%2C21.0.0%2CN%3Blists%2C21.100.0%2CN%3Bmail%2C21.100.100%2CN%3Bmessageservice%2C21.100.0%2CN%3Bmobileapp%2C21.0.50%2CN%3Bperfmon%2C21.0.0%2CN%3Bphotogallery%2C21.0.0%2CN%3Bpull%2C21.200.0%2CN%3Breport%2C21.100.0%2CN%3Brest%2C21.200.0%2CN%3Bsale%2C21.400.0%2CN%3Bscale%2C21.0.0%2CN%3Bsearch%2C21.0.100%2CN%3Bsecurity%2C21.0.0%2CN%3Bsender%2C21.100.100%2CN%3Bseo%2C21.300.0%2CN%3Bsocialnetwork%2C21.350.0%2CN%3Bsocialservices%2C21.100.0%2CN%3Bstatistic%2C21.0.0%2CN%3Bstoreassist%2C21.0.0%2CN%3Bsubscribe%2C21.0.0%2CN%3Bsupport%2C21.0.0%2CN%3Btranslate%2C21.100.0%2CN%3Bui%2C21.300.0%2CN%3Bvote%2C21.0.0%2CN%3Bwebservice%2C21.0.0%2CN%3Bwiki%2C21.100.0%2CN%3Bworkflow%2C21.0.0%2CN&search_module_id=&search_module=&search_category=7%2C14&search_type=&search_order=DESC&search_order_by=SORT&search_page=1&SUPD_SRS=RU&SUPD_CMP=N
2021-12-12 13:37:57 -  - exec CUpdateClientPartner::GetHTTPPage
2021-12-12 13:37:59 -  - TIME SearchModulesEx(request) 1.353 sec
2021-12-12 13:37:59 -  - exec CUpdateClientPartner::ParseServerData
2021-12-12 13:38:09 -  - exec CUpdateClientPartner::LoadModulesUpdates
2021-12-12 13:38:09 -  - exec CUpdateClientPartner::__CollectRequestData
2021-12-12 13:38:09 -  - utf=Y&lang=ru&stable=Y&CANGZIP=Y&SUPD_DBS=MYSQL&XE=N&CLIENT_SITE=creative&LICENSE_KEY=X&SUPD_STS=1&SUPD_URS=0&SUPD_URSA=1&TYPENC=D&CLIENT_PHPVER=7.4.21&NGINX=Y&dbv=8.0.24&instm=main%2C21.400.100%2CY%3Babtest%2C21.0.0%2CN%3Badvertising%2C21.100.0%2CN%3Bb24connector%2C21.0.0%2CN%3Bbitrix.eshop%2C21.0.100%2CN%3Bbitrix.sitecommunity%2C15.5.0%2CN%3Bbitrix.sitecorporate%2C15.5.0%2CN%3Bbitrix.siteinfoportal%2C15.5.0%2CN%3Bbitrix.sitepersonal%2C15.5.0%2CN%3Bbitrixcloud%2C21.0.0%2CN%3Bbizproc%2C21.200.200%2CN%3Bbizprocdesigner%2C21.100.0%2CN%3Bblog%2C21.200.0%2CN%3Bcalendar%2C21.200.0%2CN%3Bcatalog%2C21.200.0%2CN%3Bclouds%2C21.100.0%2CN%3Bconversion%2C21.0.0%2CN%3Bcurrency%2C21.100.0%2CN%3Bfileman%2C21.200.0%2CN%3Bform%2C21.0.0%2CN%3Bforum%2C21.100.0%2CN%3Bhighloadblock%2C21.100.0%2CN%3Biblock%2C21.400.100%2CN%3Bidea%2C21.0.0%2CN%3Bim%2C21.300.100%2CN%3Blanding%2C21.300.300%2CN%3Blearning%2C21.0.0%2CN%3Blists%2C21.100.0%2CN%3Bmail%2C21.100.100%2CN%3Bmessageservice%2C21.100.0%2CN%3Bmobileapp%2C21.0.50%2CN%3Bperfmon%2C21.0.0%2CN%3Bphotogallery%2C21.0.0%2CN%3Bpull%2C21.200.0%2CN%3Breport%2C21.100.0%2CN%3Brest%2C21.200.0%2CN%3Bsale%2C21.400.0%2CN%3Bscale%2C21.0.0%2CN%3Bsearch%2C21.0.100%2CN%3Bsecurity%2C21.0.0%2CN%3Bsender%2C21.100.100%2CN%3Bseo%2C21.300.0%2CN%3Bsocialnetwork%2C21.350.0%2CN%3Bsocialservices%2C21.100.0%2CN%3Bstatistic%2C21.0.0%2CN%3Bstoreassist%2C21.0.0%2CN%3Bsubscribe%2C21.0.0%2CN%3Bsupport%2C21.0.0%2CN%3Btranslate%2C21.100.0%2CN%3Bui%2C21.300.0%2CN%3Bvote%2C21.0.0%2CN%3Bwebservice%2C21.0.0%2CN%3Bwiki%2C21.100.0%2CN%3Bworkflow%2C21.0.0%2CN&reqm=nsandrey.emptyinstall&lim=Y&SUPD_SRS=RU&SUPD_CMP=N
2021-12-12 13:38:09 -  - exec CUpdateClientPartner::GetHTTPPage
2021-12-12 13:38:09 -  - TIME LoadModulesUpdates(request) 0.342 sec
2021-12-12 13:38:09 -  - exec CUpdateClientPartner::ParseServerData
2021-12-12 13:38:09 - S - STEP
2021-12-12 13:38:09 - LM4W01 - loadModule4Wizard-Step
2021-12-12 13:38:10 -  - exec CUpdateClientPartner::LoadModulesUpdates
2021-12-12 13:38:10 -  - exec CUpdateClientPartner::ParseServerData
2021-12-12 13:38:10 -  - loadFile
2021-12-12 13:38:10 - U - RETURN
2021-12-12 13:38:10 -  - exec CUpdateClientPartner::UnGzipArchive
2021-12-12 13:38:10 -  - TIME UnGzipArchive 0.023 sec
2021-12-12 13:38:10 -  - TIME UpdateStepModules 0.064 sec
2021-12-12 13:38:10 -  - exec CUpdateClientPartner::LoadModulesUpdates
2021-12-12 13:38:10 -  - exec CUpdateClientPartner::__CollectRequestData
2021-12-12 13:38:10 -  - utf=Y&lang=ru&stable=Y&CANGZIP=Y&SUPD_DBS=MYSQL&XE=N&CLIENT_SITE=creative&LICENSE_KEY=X&SUPD_STS=1&SUPD_URS=0&SUPD_URSA=1&TYPENC=D&CLIENT_PHPVER=7.4.21&NGINX=Y&dbv=8.0.24&instm=main%2C21.400.100%2CY%3Babtest%2C21.0.0%2CN%3Badvertising%2C21.100.0%2CN%3Bb24connector%2C21.0.0%2CN%3Bbitrix.eshop%2C21.0.100%2CN%3Bbitrix.sitecommunity%2C15.5.0%2CN%3Bbitrix.sitecorporate%2C15.5.0%2CN%3Bbitrix.siteinfoportal%2C15.5.0%2CN%3Bbitrix.sitepersonal%2C15.5.0%2CN%3Bbitrixcloud%2C21.0.0%2CN%3Bbizproc%2C21.200.200%2CN%3Bbizprocdesigner%2C21.100.0%2CN%3Bblog%2C21.200.0%2CN%3Bcalendar%2C21.200.0%2CN%3Bcatalog%2C21.200.0%2CN%3Bclouds%2C21.100.0%2CN%3Bconversion%2C21.0.0%2CN%3Bcurrency%2C21.100.0%2CN%3Bfileman%2C21.200.0%2CN%3Bform%2C21.0.0%2CN%3Bforum%2C21.100.0%2CN%3Bhighloadblock%2C21.100.0%2CN%3Biblock%2C21.400.100%2CN%3Bidea%2C21.0.0%2CN%3Bim%2C21.300.100%2CN%3Blanding%2C21.300.300%2CN%3Blearning%2C21.0.0%2CN%3Blists%2C21.100.0%2CN%3Bmail%2C21.100.100%2CN%3Bmessageservice%2C21.100.0%2CN%3Bmobileapp%2C21.0.50%2CN%3Bnsandrey.emptyinstall%2C1.0.5%2CN%3Bperfmon%2C21.0.0%2CN%3Bphotogallery%2C21.0.0%2CN%3Bpull%2C21.200.0%2CN%3Breport%2C21.100.0%2CN%3Brest%2C21.200.0%2CN%3Bsale%2C21.400.0%2CN%3Bscale%2C21.0.0%2CN%3Bsearch%2C21.0.100%2CN%3Bsecurity%2C21.0.0%2CN%3Bsender%2C21.100.100%2CN%3Bseo%2C21.300.0%2CN%3Bsocialnetwork%2C21.350.0%2CN%3Bsocialservices%2C21.100.0%2CN%3Bstatistic%2C21.0.0%2CN%3Bstoreassist%2C21.0.0%2CN%3Bsubscribe%2C21.0.0%2CN%3Bsupport%2C21.0.0%2CN%3Btranslate%2C21.100.0%2CN%3Bui%2C21.300.0%2CN%3Bvote%2C21.0.0%2CN%3Bwebservice%2C21.0.0%2CN%3Bwiki%2C21.100.0%2CN%3Bworkflow%2C21.0.0%2CN&reqm=nsandrey.emptyinstall&lim=Y&SUPD_SRS=RU&SUPD_CMP=N
2021-12-12 13:38:10 -  - exec CUpdateClientPartner::GetHTTPPage
2021-12-12 13:38:11 -  - TIME LoadModulesUpdates(request) 0.306 sec
2021-12-12 13:38:11 -  - exec CUpdateClientPartner::ParseServerData
2021-12-12 13:38:11 - STEP - Finish - NOUPDATES
2021-12-12 13:38:11 - LM4W03 - Finish - NOUPDATES
2021-12-12 13:41:16 -  - exec CUpdateClientPartner::__CollectRequestData
2021-12-12 13:41:16 -  - exec CUpdateClientPartner::GetHTTPPage
2021-12-12 13:41:30 -  - exec CUpdateClientPartner::ParseServerData
2021-12-12 13:41:30 -  - exec CUpdateClientPartner::GetUpdatesList
2021-12-12 13:41:30 -  - exec CUpdateClientPartner::__CollectRequestData
2021-12-12 13:41:30 -  - utf=Y&lang=ru&stable=Y&CANGZIP=Y&SUPD_DBS=MYSQL&XE=N&CLIENT_SITE=creative&LICENSE_KEY=X&SUPD_STS=1&SUPD_URS=0&SUPD_URSA=1&TYPENC=D&CLIENT_PHPVER=7.4.21&NGINX=Y&dbv=8.0.24&instm=main%2C21.400.100%2CY%3Babtest%2C21.0.0%2CN%3Badvertising%2C21.100.0%2CN%3Bb24connector%2C21.0.0%2CN%3Bbitrix.eshop%2C21.0.100%2CN%3Bbitrix.sitecommunity%2C15.5.0%2CN%3Bbitrix.sitecorporate%2C15.5.0%2CN%3Bbitrix.siteinfoportal%2C15.5.0%2CN%3Bbitrix.sitepersonal%2C15.5.0%2CN%3Bbitrixcloud%2C21.0.0%2CN%3Bbizproc%2C21.200.200%2CN%3Bbizprocdesigner%2C21.100.0%2CN%3Bblog%2C21.200.0%2CN%3Bcalendar%2C21.200.0%2CN%3Bcatalog%2C21.200.0%2CN%3Bclouds%2C21.100.0%2CN%3Bconversion%2C21.0.0%2CN%3Bcurrency%2C21.100.0%2CN%3Bfileman%2C21.200.0%2CN%3Bform%2C21.0.0%2CN%3Bforum%2C21.100.0%2CN%3Bhighloadblock%2C21.100.0%2CN%3Biblock%2C21.400.100%2CN%3Bidea%2C21.0.0%2CN%3Bim%2C21.300.100%2CN%3Blanding%2C21.300.300%2CN%3Blearning%2C21.0.0%2CN%3Blists%2C21.100.0%2CN%3Bmail%2C21.100.100%2CN%3Bmessageservice%2C21.100.0%2CN%3Bmobileapp%2C21.0.50%2CN%3Bnsandrey.emptyinstall%2C1.0.5%2CN%3Bperfmon%2C21.0.0%2CN%3Bphotogallery%2C21.0.0%2CN%3Bpull%2C21.200.0%2CN%3Breport%2C21.100.0%2CN%3Brest%2C21.200.0%2CN%3Bsale%2C21.400.0%2CN%3Bscale%2C21.0.0%2CN%3Bsearch%2C21.0.100%2CN%3Bsecurity%2C21.0.0%2CN%3Bsender%2C21.100.100%2CN%3Bseo%2C21.300.0%2CN%3Bsocialnetwork%2C21.350.0%2CN%3Bsocialservices%2C21.100.0%2CN%3Bstatistic%2C21.0.0%2CN%3Bstoreassist%2C21.0.0%2CN%3Bsubscribe%2C21.0.0%2CN%3Bsupport%2C21.0.0%2CN%3Btranslate%2C21.100.0%2CN%3Bui%2C21.300.0%2CN%3Bvote%2C21.0.0%2CN%3Bwebservice%2C21.0.0%2CN%3Bwiki%2C21.100.0%2CN%3Bworkflow%2C21.0.0%2CN&reqm=bitrix.eshop%2Cbitrix.sitecommunity%2Cbitrix.sitecorporate%2Cbitrix.siteinfoportal%2Cbitrix.sitepersonal%2Cnsandrey.emptyinstall&fullmoduleinfo=Y&SUPD_SRS=RU&SUPD_CMP=N
2021-12-12 13:41:30 -  - exec CUpdateClientPartner::GetHTTPPage
2021-12-12 13:41:51 -  - TIME GetUpdatesList(request) 20.929 sec
2021-12-12 13:41:51 -  - exec CUpdateClientPartner::ParseServerData
2021-12-12 13:41:51 -  - exec CUpdateClientPartner::__CollectRequestData
2021-12-12 13:41:51 -  - exec CUpdateClientPartner::GetHTTPPage
2021-12-12 13:41:51 -  - exec CUpdateClientPartner::ParseServerData
2021-12-24 15:29:40 -  - exec CUpdateClientPartner::__CollectRequestData
2021-12-24 15:29:40 -  - exec CUpdateClientPartner::GetHTTPPage
2021-12-24 15:29:41 -  - exec CUpdateClientPartner::ParseServerData
2021-12-24 15:29:41 -  - exec CUpdateClientPartner::GetUpdatesList
2021-12-24 15:29:41 -  - exec CUpdateClientPartner::__CollectRequestData
2021-12-24 15:29:41 -  - utf=Y&lang=ru&stable=Y&CANGZIP=Y&SUPD_DBS=MYSQL&XE=N&CLIENT_SITE=creative&LICENSE_KEY=X&SUPD_STS=1&SUPD_URS=0&SUPD_URSA=1&TYPENC=D&CLIENT_PHPVER=7.4.21&NGINX=Y&dbv=8.0.24&instm=main%2C21.400.100%2CY%3Babtest%2C21.0.0%2CN%3Badvertising%2C21.100.0%2CN%3Bb24connector%2C21.0.0%2CN%3Bbitrix.eshop%2C21.0.100%2CN%3Bbitrix.sitecommunity%2C15.5.0%2CN%3Bbitrix.sitecorporate%2C15.5.0%2CN%3Bbitrix.siteinfoportal%2C15.5.0%2CN%3Bbitrix.sitepersonal%2C15.5.0%2CN%3Bbitrixcloud%2C21.0.0%2CN%3Bbizproc%2C21.200.200%2CN%3Bbizprocdesigner%2C21.100.0%2CN%3Bblog%2C21.200.0%2CN%3Bcalendar%2C21.200.0%2CN%3Bcatalog%2C21.200.0%2CN%3Bclouds%2C21.100.0%2CN%3Bconversion%2C21.0.0%2CN%3Bcurrency%2C21.100.0%2CN%3Bfileman%2C21.200.0%2CN%3Bform%2C21.0.0%2CN%3Bforum%2C21.100.0%2CN%3Bhighloadblock%2C21.100.0%2CN%3Biblock%2C21.400.100%2CN%3Bidea%2C21.0.0%2CN%3Bim%2C21.300.100%2CN%3Blanding%2C21.300.300%2CN%3Blearning%2C21.0.0%2CN%3Blists%2C21.100.0%2CN%3Bmail%2C21.100.100%2CN%3Bmessageservice%2C21.100.0%2CN%3Bmobileapp%2C21.0.50%2CN%3Bnsandrey.emptyinstall%2C1.0.5%2CN%3Bperfmon%2C21.0.0%2CN%3Bphotogallery%2C21.0.0%2CN%3Bpull%2C21.200.0%2CN%3Breport%2C21.100.0%2CN%3Brest%2C21.200.0%2CN%3Bsale%2C21.400.0%2CN%3Bscale%2C21.0.0%2CN%3Bsearch%2C21.0.100%2CN%3Bsecurity%2C21.0.0%2CN%3Bsender%2C21.100.100%2CN%3Bseo%2C21.300.0%2CN%3Bsocialnetwork%2C21.350.0%2CN%3Bsocialservices%2C21.100.0%2CN%3Bstatistic%2C21.0.0%2CN%3Bstoreassist%2C21.0.0%2CN%3Bsubscribe%2C21.0.0%2CN%3Bsupport%2C21.0.0%2CN%3Btranslate%2C21.100.0%2CN%3Bui%2C21.300.0%2CN%3Bvote%2C21.0.0%2CN%3Bwebservice%2C21.0.0%2CN%3Bwiki%2C21.100.0%2CN%3Bworkflow%2C21.0.0%2CN&reqm=bitrix.eshop%2Cbitrix.sitecommunity%2Cbitrix.sitecorporate%2Cbitrix.siteinfoportal%2Cbitrix.sitepersonal%2Cnsandrey.emptyinstall&fullmoduleinfo=Y&SUPD_SRS=RU&SUPD_CMP=N
2021-12-24 15:29:41 -  - exec CUpdateClientPartner::GetHTTPPage
2021-12-24 15:29:41 -  - TIME GetUpdatesList(request) 0.452 sec
2021-12-24 15:29:41 -  - exec CUpdateClientPartner::ParseServerData
2021-12-24 15:29:41 -  - exec CUpdateClientPartner::__CollectRequestData
2021-12-24 15:29:41 -  - exec CUpdateClientPartner::GetHTTPPage
2021-12-24 15:29:42 -  - exec CUpdateClientPartner::ParseServerData
2021-12-27 15:03:44 -  - exec CUpdateClientPartner::__CollectRequestData
2021-12-27 15:03:44 -  - exec CUpdateClientPartner::GetHTTPPage
2021-12-27 15:03:45 -  - exec CUpdateClientPartner::ParseServerData
2021-12-27 15:03:45 -  - exec CUpdateClientPartner::GetUpdatesList
2021-12-27 15:03:45 -  - exec CUpdateClientPartner::__CollectRequestData
2021-12-27 15:03:45 -  - utf=Y&lang=ru&stable=Y&CANGZIP=Y&SUPD_DBS=MYSQL&XE=N&CLIENT_SITE=creative&LICENSE_KEY=X&SUPD_STS=1&SUPD_URS=0&SUPD_URSA=1&TYPENC=D&CLIENT_PHPVER=7.4.21&NGINX=Y&dbv=8.0.24&instm=main%2C21.400.100%2CY%3Babtest%2C21.0.0%2CN%3Badvertising%2C21.100.0%2CN%3Bb24connector%2C21.0.0%2CN%3Bbitrix.eshop%2C21.0.100%2CN%3Bbitrix.sitecommunity%2C15.5.0%2CN%3Bbitrix.sitecorporate%2C15.5.0%2CN%3Bbitrix.siteinfoportal%2C15.5.0%2CN%3Bbitrix.sitepersonal%2C15.5.0%2CN%3Bbitrixcloud%2C21.0.0%2CN%3Bbizproc%2C21.200.200%2CN%3Bbizprocdesigner%2C21.100.0%2CN%3Bblog%2C21.200.0%2CN%3Bcalendar%2C21.200.0%2CN%3Bcatalog%2C21.200.0%2CN%3Bclouds%2C21.100.0%2CN%3Bconversion%2C21.0.0%2CN%3Bcurrency%2C21.100.0%2CN%3Bfileman%2C21.200.0%2CN%3Bform%2C21.0.0%2CN%3Bforum%2C21.100.0%2CN%3Bhighloadblock%2C21.100.0%2CN%3Biblock%2C21.400.100%2CN%3Bidea%2C21.0.0%2CN%3Bim%2C21.300.100%2CN%3Blanding%2C21.300.300%2CN%3Blearning%2C21.0.0%2CN%3Blists%2C21.100.0%2CN%3Bmail%2C21.100.100%2CN%3Bmessageservice%2C21.100.0%2CN%3Bmobileapp%2C21.0.50%2CN%3Bnsandrey.emptyinstall%2C1.0.5%2CN%3Bperfmon%2C21.0.0%2CN%3Bphotogallery%2C21.0.0%2CN%3Bpull%2C21.200.0%2CN%3Breport%2C21.100.0%2CN%3Brest%2C21.200.0%2CN%3Bsale%2C21.400.0%2CN%3Bscale%2C21.0.0%2CN%3Bsearch%2C21.0.100%2CN%3Bsecurity%2C21.0.0%2CN%3Bsender%2C21.100.100%2CN%3Bseo%2C21.300.0%2CN%3Bsocialnetwork%2C21.350.0%2CN%3Bsocialservices%2C21.100.0%2CN%3Bstatistic%2C21.0.0%2CN%3Bstoreassist%2C21.0.0%2CN%3Bsubscribe%2C21.0.0%2CN%3Bsupport%2C21.0.0%2CN%3Btranslate%2C21.100.0%2CN%3Bui%2C21.300.0%2CN%3Bvote%2C21.0.0%2CN%3Bwebservice%2C21.0.0%2CN%3Bwiki%2C21.100.0%2CN%3Bworkflow%2C21.0.0%2CN&reqm=bitrix.eshop%2Cbitrix.sitecommunity%2Cbitrix.sitecorporate%2Cbitrix.siteinfoportal%2Cbitrix.sitepersonal%2Cnsandrey.emptyinstall&fullmoduleinfo=Y&SUPD_SRS=RU&SUPD_CMP=N
2021-12-27 15:03:45 -  - exec CUpdateClientPartner::GetHTTPPage
2021-12-27 15:03:46 -  - TIME GetUpdatesList(request) 0.512 sec
2021-12-27 15:03:46 -  - exec CUpdateClientPartner::ParseServerData
2021-12-27 15:03:46 -  - exec CUpdateClientPartner::__CollectRequestData
2021-12-27 15:03:46 -  - exec CUpdateClientPartner::GetHTTPPage
2021-12-27 15:03:46 -  - exec CUpdateClientPartner::ParseServerData
2022-01-03 12:41:31 -  - exec CUpdateClientPartner::__CollectRequestData
2022-01-03 12:41:31 -  - exec CUpdateClientPartner::GetHTTPPage
2022-01-03 12:41:34 -  - exec CUpdateClientPartner::ParseServerData
2022-01-03 12:41:34 -  - exec CUpdateClientPartner::GetUpdatesList
2022-01-03 12:41:34 -  - exec CUpdateClientPartner::__CollectRequestData
2022-01-03 12:41:34 -  - utf=Y&lang=ru&stable=Y&CANGZIP=Y&SUPD_DBS=MYSQL&XE=N&CLIENT_SITE=creative&LICENSE_KEY=X&SUPD_STS=1&SUPD_URS=0&SUPD_URSA=1&TYPENC=D&CLIENT_PHPVER=7.4.21&NGINX=Y&dbv=8.0.24&instm=main%2C21.400.100%2CY%3Babtest%2C21.0.0%2CN%3Badvertising%2C21.100.0%2CN%3Bb24connector%2C21.0.0%2CN%3Bbitrix.eshop%2C21.0.100%2CN%3Bbitrix.sitecommunity%2C15.5.0%2CN%3Bbitrix.sitecorporate%2C15.5.0%2CN%3Bbitrix.siteinfoportal%2C15.5.0%2CN%3Bbitrix.sitepersonal%2C15.5.0%2CN%3Bbitrixcloud%2C21.0.0%2CN%3Bbizproc%2C21.200.200%2CN%3Bbizprocdesigner%2C21.100.0%2CN%3Bblog%2C21.200.0%2CN%3Bcalendar%2C21.200.0%2CN%3Bcatalog%2C21.200.0%2CN%3Bclouds%2C21.100.0%2CN%3Bconversion%2C21.0.0%2CN%3Bcurrency%2C21.100.0%2CN%3Bfileman%2C21.200.0%2CN%3Bform%2C21.0.0%2CN%3Bforum%2C21.100.0%2CN%3Bhighloadblock%2C21.100.0%2CN%3Biblock%2C21.400.100%2CN%3Bidea%2C21.0.0%2CN%3Bim%2C21.300.100%2CN%3Blanding%2C21.300.300%2CN%3Blearning%2C21.0.0%2CN%3Blists%2C21.100.0%2CN%3Bmail%2C21.100.100%2CN%3Bmessageservice%2C21.100.0%2CN%3Bmobileapp%2C21.0.50%2CN%3Bnsandrey.emptyinstall%2C1.0.5%2CN%3Bperfmon%2C21.0.0%2CN%3Bphotogallery%2C21.0.0%2CN%3Bpull%2C21.200.0%2CN%3Breport%2C21.100.0%2CN%3Brest%2C21.200.0%2CN%3Bsale%2C21.400.0%2CN%3Bscale%2C21.0.0%2CN%3Bsearch%2C21.0.100%2CN%3Bsecurity%2C21.0.0%2CN%3Bsender%2C21.100.100%2CN%3Bseo%2C21.300.0%2CN%3Bsocialnetwork%2C21.350.0%2CN%3Bsocialservices%2C21.100.0%2CN%3Bstatistic%2C21.0.0%2CN%3Bstoreassist%2C21.0.0%2CN%3Bsubscribe%2C21.0.0%2CN%3Bsupport%2C21.0.0%2CN%3Btranslate%2C21.100.0%2CN%3Bui%2C21.300.0%2CN%3Bvote%2C21.0.0%2CN%3Bwebservice%2C21.0.0%2CN%3Bwiki%2C21.100.0%2CN%3Bworkflow%2C21.0.0%2CN&reqm=bitrix.eshop%2Cbitrix.sitecommunity%2Cbitrix.sitecorporate%2Cbitrix.siteinfoportal%2Cbitrix.sitepersonal%2Cnsandrey.emptyinstall&fullmoduleinfo=Y&SUPD_SRS=RU&SUPD_CMP=N
2022-01-03 12:41:34 -  - exec CUpdateClientPartner::GetHTTPPage
2022-01-03 12:41:34 -  - TIME GetUpdatesList(request) 0.295 sec
2022-01-03 12:41:34 -  - exec CUpdateClientPartner::ParseServerData
2022-01-03 12:41:34 -  - exec CUpdateClientPartner::__CollectRequestData
2022-01-03 12:41:34 -  - exec CUpdateClientPartner::GetHTTPPage
2022-01-03 12:41:35 -  - exec CUpdateClientPartner::ParseServerData
2022-01-04 23:10:45 -  - exec CUpdateClientPartner::__CollectRequestData
2022-01-04 23:10:45 -  - exec CUpdateClientPartner::GetHTTPPage
2022-01-04 23:10:46 -  - exec CUpdateClientPartner::ParseServerData
2022-01-04 23:10:46 -  - exec CUpdateClientPartner::GetUpdatesList
2022-01-04 23:10:46 -  - exec CUpdateClientPartner::__CollectRequestData
2022-01-04 23:10:46 -  - utf=Y&lang=ru&stable=Y&CANGZIP=Y&SUPD_DBS=MYSQL&XE=N&CLIENT_SITE=creative&LICENSE_KEY=X&SUPD_STS=1&SUPD_URS=0&SUPD_URSA=1&TYPENC=D&CLIENT_PHPVER=7.4.21&NGINX=Y&dbv=8.0.24&instm=main%2C21.400.100%2CY%3Babtest%2C21.0.0%2CN%3Badvertising%2C21.100.0%2CN%3Bb24connector%2C21.0.0%2CN%3Bbitrix.eshop%2C21.0.100%2CN%3Bbitrix.sitecommunity%2C15.5.0%2CN%3Bbitrix.sitecorporate%2C15.5.0%2CN%3Bbitrix.siteinfoportal%2C15.5.0%2CN%3Bbitrix.sitepersonal%2C15.5.0%2CN%3Bbitrixcloud%2C21.0.0%2CN%3Bbizproc%2C21.200.200%2CN%3Bbizprocdesigner%2C21.100.0%2CN%3Bblog%2C21.200.0%2CN%3Bcalendar%2C21.200.0%2CN%3Bcatalog%2C21.200.0%2CN%3Bclouds%2C21.100.0%2CN%3Bconversion%2C21.0.0%2CN%3Bcurrency%2C21.100.0%2CN%3Bfileman%2C21.200.0%2CN%3Bform%2C21.0.0%2CN%3Bforum%2C21.100.0%2CN%3Bhighloadblock%2C21.100.0%2CN%3Biblock%2C21.400.100%2CN%3Bidea%2C21.0.0%2CN%3Bim%2C21.300.100%2CN%3Blanding%2C21.300.300%2CN%3Blearning%2C21.0.0%2CN%3Blists%2C21.100.0%2CN%3Bmail%2C21.100.100%2CN%3Bmessageservice%2C21.100.0%2CN%3Bmobileapp%2C21.0.50%2CN%3Bnsandrey.emptyinstall%2C1.0.5%2CN%3Bperfmon%2C21.0.0%2CN%3Bphotogallery%2C21.0.0%2CN%3Bpull%2C21.200.0%2CN%3Breport%2C21.100.0%2CN%3Brest%2C21.200.0%2CN%3Bsale%2C21.400.0%2CN%3Bscale%2C21.0.0%2CN%3Bsearch%2C21.0.100%2CN%3Bsecurity%2C21.0.0%2CN%3Bsender%2C21.100.100%2CN%3Bseo%2C21.300.0%2CN%3Bsocialnetwork%2C21.350.0%2CN%3Bsocialservices%2C21.100.0%2CN%3Bstatistic%2C21.0.0%2CN%3Bstoreassist%2C21.0.0%2CN%3Bsubscribe%2C21.0.0%2CN%3Bsupport%2C21.0.0%2CN%3Btranslate%2C21.100.0%2CN%3Bui%2C21.300.0%2CN%3Bvote%2C21.0.0%2CN%3Bwebservice%2C21.0.0%2CN%3Bwiki%2C21.100.0%2CN%3Bworkflow%2C21.0.0%2CN&reqm=bitrix.eshop%2Cbitrix.sitecommunity%2Cbitrix.sitecorporate%2Cbitrix.siteinfoportal%2Cbitrix.sitepersonal%2Cnsandrey.emptyinstall&fullmoduleinfo=Y&SUPD_SRS=RU&SUPD_CMP=N
2022-01-04 23:10:46 -  - exec CUpdateClientPartner::GetHTTPPage
2022-01-04 23:10:46 -  - TIME GetUpdatesList(request) 0.424 sec
2022-01-04 23:10:46 -  - exec CUpdateClientPartner::ParseServerData
2022-01-04 23:10:46 -  - exec CUpdateClientPartner::__CollectRequestData
2022-01-04 23:10:46 -  - exec CUpdateClientPartner::GetHTTPPage
2022-01-04 23:10:47 -  - exec CUpdateClientPartner::ParseServerData
2022-01-05 23:10:51 -  - exec CUpdateClientPartner::__CollectRequestData
2022-01-05 23:10:51 -  - exec CUpdateClientPartner::GetHTTPPage
2022-01-05 23:10:51 -  - exec CUpdateClientPartner::ParseServerData
2022-01-05 23:10:51 -  - exec CUpdateClientPartner::GetUpdatesList
2022-01-05 23:10:51 -  - exec CUpdateClientPartner::__CollectRequestData
2022-01-05 23:10:51 -  - utf=Y&lang=ru&stable=Y&CANGZIP=Y&SUPD_DBS=MYSQL&XE=N&CLIENT_SITE=creative&LICENSE_KEY=X&SUPD_STS=1&SUPD_URS=0&SUPD_URSA=1&TYPENC=D&CLIENT_PHPVER=7.4.21&NGINX=Y&dbv=8.0.24&instm=main%2C21.400.100%2CY%3Babtest%2C21.0.0%2CN%3Badvertising%2C21.100.0%2CN%3Bb24connector%2C21.0.0%2CN%3Bbitrix.eshop%2C21.0.100%2CN%3Bbitrix.sitecommunity%2C15.5.0%2CN%3Bbitrix.sitecorporate%2C15.5.0%2CN%3Bbitrix.siteinfoportal%2C15.5.0%2CN%3Bbitrix.sitepersonal%2C15.5.0%2CN%3Bbitrixcloud%2C21.0.0%2CN%3Bbizproc%2C21.200.200%2CN%3Bbizprocdesigner%2C21.100.0%2CN%3Bblog%2C21.200.0%2CN%3Bcalendar%2C21.200.0%2CN%3Bcatalog%2C21.200.0%2CN%3Bclouds%2C21.100.0%2CN%3Bconversion%2C21.0.0%2CN%3Bcurrency%2C21.100.0%2CN%3Bfileman%2C21.200.0%2CN%3Bform%2C21.0.0%2CN%3Bforum%2C21.100.0%2CN%3Bhighloadblock%2C21.100.0%2CN%3Biblock%2C21.400.100%2CN%3Bidea%2C21.0.0%2CN%3Bim%2C21.300.100%2CN%3Blanding%2C21.300.300%2CN%3Blearning%2C21.0.0%2CN%3Blists%2C21.100.0%2CN%3Bmail%2C21.100.100%2CN%3Bmessageservice%2C21.100.0%2CN%3Bmobileapp%2C21.0.50%2CN%3Bnsandrey.emptyinstall%2C1.0.5%2CN%3Bperfmon%2C21.0.0%2CN%3Bphotogallery%2C21.0.0%2CN%3Bpull%2C21.200.0%2CN%3Breport%2C21.100.0%2CN%3Brest%2C21.200.0%2CN%3Bsale%2C21.400.0%2CN%3Bscale%2C21.0.0%2CN%3Bsearch%2C21.0.100%2CN%3Bsecurity%2C21.0.0%2CN%3Bsender%2C21.100.100%2CN%3Bseo%2C21.300.0%2CN%3Bsocialnetwork%2C21.350.0%2CN%3Bsocialservices%2C21.100.0%2CN%3Bstatistic%2C21.0.0%2CN%3Bstoreassist%2C21.0.0%2CN%3Bsubscribe%2C21.0.0%2CN%3Bsupport%2C21.0.0%2CN%3Btranslate%2C21.100.0%2CN%3Bui%2C21.300.0%2CN%3Bvote%2C21.0.0%2CN%3Bwebservice%2C21.0.0%2CN%3Bwiki%2C21.100.0%2CN%3Bworkflow%2C21.0.0%2CN&reqm=bitrix.eshop%2Cbitrix.sitecommunity%2Cbitrix.sitecorporate%2Cbitrix.siteinfoportal%2Cbitrix.sitepersonal%2Cnsandrey.emptyinstall&fullmoduleinfo=Y&SUPD_SRS=RU&SUPD_CMP=N
2022-01-05 23:10:51 -  - exec CUpdateClientPartner::GetHTTPPage
2022-01-05 23:10:52 -  - TIME GetUpdatesList(request) 0.375 sec
2022-01-05 23:10:52 -  - exec CUpdateClientPartner::ParseServerData
2022-01-05 23:10:52 -  - exec CUpdateClientPartner::__CollectRequestData
2022-01-05 23:10:52 -  - exec CUpdateClientPartner::GetHTTPPage
2022-01-05 23:10:52 -  - exec CUpdateClientPartner::ParseServerData
